2025-02-16 01:16:49,992 - traffic_analysis - INFO - Generating 1000 samples of synthetic traffic data
2025-02-16 01:16:50,007 - traffic_analysis - INFO - Saved generated data to data/traffic_data.csv
2025-02-16 01:28:59,284 - traffic_analysis - INFO - Generating 100 samples of synthetic traffic data
2025-02-16 01:28:59,300 - traffic_analysis - INFO - Saved generated data to data/traffic_data.csv
2025-02-16 01:28:59,300 - traffic_analysis - INFO - Starting feature engineering process
2025-02-16 01:28:59,300 - traffic_analysis - INFO - Converting IP addresses to integers
2025-02-16 01:28:59,300 - traffic_analysis - INFO - Creating aggregate features
2025-02-16 01:28:59,315 - traffic_analysis - INFO - Calculating packet rate
2025-02-16 01:28:59,381 - traffic_analysis - INFO - One-hot encoding categorical features
2025-02-16 01:28:59,384 - traffic_analysis - INFO - Scaling numerical features
2025-02-16 01:28:59,388 - traffic_analysis - INFO - Saved scaler to models/scaler.pkl
2025-02-16 01:28:59,388 - traffic_analysis - INFO - Feature engineering completed
2025-02-16 01:59:21,597 - traffic_analysis - INFO - Generating 1000 samples of synthetic traffic data
2025-02-16 01:59:21,613 - traffic_analysis - INFO - Saved generated data to data/traffic_data.csv
2025-02-16 01:59:21,613 - traffic_analysis - INFO - Starting feature engineering process
2025-02-16 01:59:21,628 - traffic_analysis - INFO - Converting IP addresses to integers
2025-02-16 01:59:21,628 - traffic_analysis - INFO - Creating aggregate features
2025-02-16 01:59:21,628 - traffic_analysis - INFO - Calculating packet rate
2025-02-16 01:59:22,245 - traffic_analysis - INFO - One-hot encoding categorical features
2025-02-16 01:59:22,245 - traffic_analysis - INFO - Scaling numerical features
2025-02-16 01:59:22,245 - traffic_analysis - INFO - Saved scaler to models/scaler.pkl
2025-02-16 01:59:22,245 - traffic_analysis - INFO - Feature engineering completed
2025-02-16 01:59:22,245 - traffic_analysis - INFO - Starting model training process
2025-02-16 01:59:22,245 - traffic_analysis - INFO - Splitting data into train and test sets
2025-02-16 01:59:22,260 - traffic_analysis - INFO - Saved feature dataframe to models/X.pkl
2025-02-16 01:59:22,260 - traffic_analysis - INFO - Performing time series cross-validation
2025-02-16 01:59:22,260 - traffic_analysis - INFO - Training on fold
2025-02-16 01:59:27,647 - traffic_analysis - INFO - New best model found with F1 score: 0.4331
2025-02-16 01:59:27,647 - traffic_analysis - INFO - Training on fold
2025-02-16 01:59:32,737 - traffic_analysis - INFO - New best model found with F1 score: 0.5595
2025-02-16 01:59:32,737 - traffic_analysis - INFO - Training on fold
2025-02-16 01:59:39,790 - traffic_analysis - INFO - Training on fold
2025-02-16 01:59:45,116 - traffic_analysis - INFO - Training on fold
2025-02-16 01:59:51,517 - traffic_analysis - INFO - Evaluating final model on test set
2025-02-16 01:59:51,534 - traffic_analysis - INFO - Final model metrics:
2025-02-16 01:59:51,534 - traffic_analysis - INFO - Precision: 0.6505
2025-02-16 01:59:51,534 - traffic_analysis - INFO - Recall: 0.6505
2025-02-16 01:59:51,534 - traffic_analysis - INFO - AUC-ROC: 0.6397
2025-02-16 01:59:51,536 - traffic_analysis - INFO - F1 Score: 0.6505
2025-02-16 01:59:51,538 - traffic_analysis - INFO - Saved model to models/congestion_model.pkl
2025-02-16 02:01:42,441 - traffic_analysis - INFO - Generating 1000 samples of synthetic traffic data
2025-02-16 02:01:42,472 - traffic_analysis - INFO - Saved generated data to data/traffic_data.csv
2025-02-16 02:01:42,472 - traffic_analysis - INFO - Starting feature engineering process
2025-02-16 02:01:42,472 - traffic_analysis - INFO - Converting IP addresses to integers
2025-02-16 02:01:42,472 - traffic_analysis - INFO - Creating aggregate features
2025-02-16 02:01:42,472 - traffic_analysis - INFO - Calculating packet rate
2025-02-16 02:01:43,094 - traffic_analysis - INFO - One-hot encoding categorical features
2025-02-16 02:01:43,094 - traffic_analysis - INFO - Scaling numerical features
2025-02-16 02:01:43,094 - traffic_analysis - INFO - Saved scaler to models/scaler.pkl
2025-02-16 02:01:43,094 - traffic_analysis - INFO - Feature engineering completed
2025-02-16 02:01:54,160 - traffic_analysis - INFO - Generating 1000 samples of synthetic traffic data
2025-02-16 02:01:54,180 - traffic_analysis - INFO - Saved generated data to data/traffic_data.csv
2025-02-16 02:01:54,180 - traffic_analysis - INFO - Starting feature engineering process
2025-02-16 02:01:54,193 - traffic_analysis - INFO - Converting IP addresses to integers
2025-02-16 02:01:54,201 - traffic_analysis - INFO - Creating aggregate features
2025-02-16 02:01:54,207 - traffic_analysis - INFO - Calculating packet rate
2025-02-16 02:01:54,761 - traffic_analysis - INFO - One-hot encoding categorical features
2025-02-16 02:01:54,761 - traffic_analysis - INFO - Scaling numerical features
2025-02-16 02:01:54,761 - traffic_analysis - INFO - Saved scaler to models/scaler.pkl
2025-02-16 02:01:54,761 - traffic_analysis - INFO - Feature engineering completed
2025-02-16 02:01:54,774 - traffic_analysis - INFO - Starting model training process
2025-02-16 02:01:54,776 - traffic_analysis - INFO - Splitting data into train and test sets
2025-02-16 02:01:54,779 - traffic_analysis - INFO - Saved feature dataframe to models/X.pkl
2025-02-16 02:01:54,779 - traffic_analysis - INFO - Performing time series cross-validation
2025-02-16 02:01:54,779 - traffic_analysis - INFO - Training on fold
2025-02-16 02:02:00,029 - traffic_analysis - INFO - New best model found with F1 score: 0.4331
2025-02-16 02:02:00,030 - traffic_analysis - INFO - Training on fold
2025-02-16 02:02:05,096 - traffic_analysis - INFO - New best model found with F1 score: 0.5595
2025-02-16 02:02:05,112 - traffic_analysis - INFO - Training on fold
2025-02-16 02:02:12,160 - traffic_analysis - INFO - Training on fold
2025-02-16 02:02:17,490 - traffic_analysis - INFO - Training on fold
2025-02-16 02:02:24,170 - traffic_analysis - INFO - Evaluating final model on test set
2025-02-16 02:02:24,179 - traffic_analysis - INFO - Final model metrics:
2025-02-16 02:02:24,179 - traffic_analysis - INFO - Precision: 0.6505
2025-02-16 02:02:24,179 - traffic_analysis - INFO - Recall: 0.6505
2025-02-16 02:02:24,180 - traffic_analysis - INFO - AUC-ROC: 0.6397
2025-02-16 02:02:24,181 - traffic_analysis - INFO - F1 Score: 0.6505
2025-02-16 02:02:24,183 - traffic_analysis - INFO - Saved model to models/congestion_model.pkl
2025-02-16 02:04:24,880 - traffic_analysis - INFO - Starting prediction process
2025-02-16 02:04:25,105 - traffic_analysis - INFO - Starting feature engineering process
2025-02-16 02:04:25,105 - traffic_analysis - INFO - Converting IP addresses to integers
2025-02-16 02:04:25,105 - traffic_analysis - INFO - Creating aggregate features
2025-02-16 02:04:25,118 - traffic_analysis - INFO - Skipping packet rate calculation for single record
2025-02-16 02:04:25,120 - traffic_analysis - INFO - One-hot encoding categorical features
2025-02-16 02:04:25,122 - traffic_analysis - INFO - Scaling numerical features
2025-02-16 02:04:25,125 - traffic_analysis - INFO - Loaded scaler from config\..\models/scaler.pkl
2025-02-16 02:04:25,125 - traffic_analysis - INFO - Feature engineering completed
2025-02-16 02:04:25,129 - traffic_analysis - INFO - Prediction completed: 0
2025-02-16 02:06:36,507 - traffic_analysis - INFO - Generating 1000 samples of synthetic traffic data
2025-02-16 02:06:36,528 - traffic_analysis - INFO - Saved generated data to data/traffic_data.csv
2025-02-16 02:06:36,528 - traffic_analysis - INFO - Plotting class distribution
2025-02-16 02:06:38,037 - traffic_analysis - INFO - Saved class distribution plot to visualization\class_distribution.png
2025-02-16 02:06:38,039 - traffic_analysis - INFO - Plotting traffic volume over time
2025-02-16 02:06:38,260 - traffic_analysis - INFO - Saved traffic volume plot to visualization\traffic_volume.png
2025-02-16 02:06:38,260 - traffic_analysis - INFO - Plotting protocol distribution
2025-02-16 02:06:38,386 - traffic_analysis - INFO - Saved protocol distribution plot to visualization\protocol_distribution.png
2025-02-16 02:06:38,386 - traffic_analysis - INFO - Plotting congestion over time
2025-02-16 02:06:38,576 - traffic_analysis - INFO - Saved congestion over time plot to visualization\congestion_over_time.png
2025-02-16 02:09:58,487 - traffic_analysis - INFO - Starting traffic analysis pipeline
2025-02-16 02:09:58,487 - traffic_analysis - INFO - Loading existing data from data/traffic_data.csv
2025-02-16 02:09:58,503 - traffic_analysis - INFO - Performing exploratory data analysis
2025-02-16 02:09:58,503 - traffic_analysis - INFO - Plotting class distribution
2025-02-16 02:09:58,756 - traffic_analysis - INFO - Saved class distribution plot to visualization\class_distribution.png
2025-02-16 02:09:58,757 - traffic_analysis - INFO - Plotting traffic volume over time
2025-02-16 02:09:59,032 - traffic_analysis - INFO - Saved traffic volume plot to visualization\traffic_volume.png
2025-02-16 02:09:59,032 - traffic_analysis - INFO - Plotting protocol distribution
2025-02-16 02:09:59,169 - traffic_analysis - INFO - Saved protocol distribution plot to visualization\protocol_distribution.png
2025-02-16 02:09:59,169 - traffic_analysis - INFO - Plotting congestion over time
2025-02-16 02:09:59,343 - traffic_analysis - INFO - Saved congestion over time plot to visualization\congestion_over_time.png
2025-02-16 02:09:59,343 - traffic_analysis - INFO - Performing feature engineering
2025-02-16 02:09:59,343 - traffic_analysis - INFO - Starting feature engineering process
2025-02-16 02:09:59,343 - traffic_analysis - INFO - Converting IP addresses to integers
2025-02-16 02:09:59,343 - traffic_analysis - INFO - Creating aggregate features
2025-02-16 02:09:59,343 - traffic_analysis - INFO - Calculating packet rate
2025-02-16 02:09:59,894 - traffic_analysis - INFO - One-hot encoding categorical features
2025-02-16 02:09:59,910 - traffic_analysis - INFO - Scaling numerical features
2025-02-16 02:09:59,910 - traffic_analysis - INFO - Saved scaler to models/scaler.pkl
2025-02-16 02:09:59,910 - traffic_analysis - INFO - Feature engineering completed
2025-02-16 02:09:59,910 - traffic_analysis - INFO - Training the model
2025-02-16 02:09:59,918 - traffic_analysis - INFO - Starting model training process
2025-02-16 02:09:59,920 - traffic_analysis - INFO - Splitting data into train and test sets
2025-02-16 02:09:59,922 - traffic_analysis - INFO - Saved feature dataframe to models/X.pkl
2025-02-16 02:09:59,922 - traffic_analysis - INFO - Performing time series cross-validation
2025-02-16 02:09:59,922 - traffic_analysis - INFO - Training on fold
2025-02-16 02:10:03,140 - traffic_analysis - INFO - New best model found with F1 score: 0.4503
2025-02-16 02:10:03,141 - traffic_analysis - INFO - Training on fold
2025-02-16 02:10:10,389 - traffic_analysis - INFO - New best model found with F1 score: 0.5250
2025-02-16 02:10:10,389 - traffic_analysis - INFO - Training on fold
2025-02-16 02:10:17,315 - traffic_analysis - INFO - New best model found with F1 score: 0.5349
2025-02-16 02:10:17,315 - traffic_analysis - INFO - Training on fold
2025-02-16 02:10:27,534 - traffic_analysis - INFO - Training on fold
2025-02-16 02:10:35,731 - traffic_analysis - INFO - New best model found with F1 score: 0.5806
2025-02-16 02:10:35,731 - traffic_analysis - INFO - Evaluating final model on test set
2025-02-16 02:10:35,750 - traffic_analysis - INFO - Final model metrics:
2025-02-16 02:10:35,750 - traffic_analysis - INFO - Precision: 0.9485
2025-02-16 02:10:35,750 - traffic_analysis - INFO - Recall: 0.8932
2025-02-16 02:10:35,751 - traffic_analysis - INFO - AUC-ROC: 0.9208
2025-02-16 02:10:35,753 - traffic_analysis - INFO - F1 Score: 0.9200
2025-02-16 02:10:35,754 - traffic_analysis - INFO - Saved model to models/congestion_model.pkl
2025-02-16 02:10:35,754 - traffic_analysis - INFO - Creating model evaluation visualizations
2025-02-16 02:10:35,758 - traffic_analysis - INFO - Plotting confusion matrix
2025-02-16 02:10:35,939 - traffic_analysis - INFO - Saved confusion matrix plot to visualization\confusion_matrix.png
2025-02-16 02:10:35,940 - traffic_analysis - INFO - Plotting feature importance
2025-02-16 02:10:36,123 - traffic_analysis - INFO - Saved feature importance plot to visualization\feature_importance.png
2025-02-16 02:10:36,123 - traffic_analysis - INFO - Pipeline completed successfully
